;  LST file generated by mikroListExporter - v.2.0 
; Date/Time: 1/29/2019 9:52:02 AM
;----------------------------------------------

;Address Opcode 	ASM
0x0000	0xF002EF9C  	GOTO        1336
_interrupt:
;ultrasonic-intr.c,110 :: 		void interrupt(){
;ultrasonic-intr.c,127 :: 		}
L_interrupt19:
;ultrasonic-intr.c,128 :: 		}
L_end_interrupt:
0x0008	0xF017C000  	MOVFF       R0, 23
0x000C	0xF016C001  	MOVFF       R1, 22
0x0010	0xF015C002  	MOVFF       R2, 21
L__interrupt31:
0x0014	0xF000C017  	MOVFF       23, R0
0x0018	0xF001C016  	MOVFF       22, R1
0x001C	0xF002C015  	MOVFF       21, R2
0x0020	0x0011      	RETFIE      1
; end of _interrupt
_Delay_5500us:
;__Lib_Delays.c,31 :: 		void Delay_5500us() {
;__Lib_Delays.c,32 :: 		Delay_us(5500);
0x0022	0x0E0F      	MOVLW       15
0x0024	0x6E0C      	MOVWF       R12, 0
0x0026	0x0E47      	MOVLW       71
0x0028	0x6E0D      	MOVWF       R13, 0
L_Delay_5500us5:
0x002A	0x2E0D      	DECFSZ      R13, 1, 0
0x002C	0xD7FE      	BRA         L_Delay_5500us5
0x002E	0x2E0C      	DECFSZ      R12, 1, 0
0x0030	0xD7FC      	BRA         L_Delay_5500us5
0x0032	0x0000      	NOP
0x0034	0x0000      	NOP
;__Lib_Delays.c,33 :: 		}
L_end_Delay_5500us:
0x0036	0x0012      	RETURN      0
; end of _Delay_5500us
_Delay_50us:
;__Lib_Delays.c,19 :: 		void Delay_50us() {
;__Lib_Delays.c,20 :: 		Delay_us(50);
0x0038	0x0E21      	MOVLW       33
0x003A	0x6E0D      	MOVWF       R13, 0
L_Delay_50us2:
0x003C	0x2E0D      	DECFSZ      R13, 1, 0
0x003E	0xD7FE      	BRA         L_Delay_50us2
;__Lib_Delays.c,21 :: 		}
L_end_Delay_50us:
0x0040	0x0012      	RETURN      0
; end of _Delay_50us
_Delay_1us:
;__Lib_Delays.c,7 :: 		void Delay_1us() {
;__Lib_Delays.c,8 :: 		Delay_us(1);
0x0042	0x0000      	NOP
0x0044	0x0000      	NOP
;__Lib_Delays.c,9 :: 		}
L_end_Delay_1us:
0x0046	0x0012      	RETURN      0
; end of _Delay_1us
_Lcd_Cmd:
;__Lib_Lcd.c,18 :: 		
;__Lib_Lcd.c,20 :: 		
0x0048	0xBE7A      	BTFSC       FARG_Lcd_Cmd_out_char, 7 
0x004A	0xD002      	BRA         L__Lcd_Cmd21
0x004C	0x9481      	BCF         LCD_D7, BitPos(LCD_D7+0) 
0x004E	0xD001      	BRA         L__Lcd_Cmd22
L__Lcd_Cmd21:
0x0050	0x8481      	BSF         LCD_D7, BitPos(LCD_D7+0) 
L__Lcd_Cmd22:
;__Lib_Lcd.c,21 :: 		
0x0052	0xBC7A      	BTFSC       FARG_Lcd_Cmd_out_char, 6 
0x0054	0xD002      	BRA         L__Lcd_Cmd23
0x0056	0x9681      	BCF         LCD_D6, BitPos(LCD_D6+0) 
0x0058	0xD001      	BRA         L__Lcd_Cmd24
L__Lcd_Cmd23:
0x005A	0x8681      	BSF         LCD_D6, BitPos(LCD_D6+0) 
L__Lcd_Cmd24:
;__Lib_Lcd.c,22 :: 		
0x005C	0xBA7A      	BTFSC       FARG_Lcd_Cmd_out_char, 5 
0x005E	0xD002      	BRA         L__Lcd_Cmd25
0x0060	0x9881      	BCF         LCD_D5, BitPos(LCD_D5+0) 
0x0062	0xD001      	BRA         L__Lcd_Cmd26
L__Lcd_Cmd25:
0x0064	0x8881      	BSF         LCD_D5, BitPos(LCD_D5+0) 
L__Lcd_Cmd26:
;__Lib_Lcd.c,23 :: 		
0x0066	0xB87A      	BTFSC       FARG_Lcd_Cmd_out_char, 4 
0x0068	0xD002      	BRA         L__Lcd_Cmd27
0x006A	0x9A82      	BCF         LCD_D4, BitPos(LCD_D4+0) 
0x006C	0xD001      	BRA         L__Lcd_Cmd28
L__Lcd_Cmd27:
0x006E	0x8A82      	BSF         LCD_D4, BitPos(LCD_D4+0) 
L__Lcd_Cmd28:
;__Lib_Lcd.c,25 :: 		
0x0070	0xB271      	BTFSC       __Lib_Lcd_cmd_status, BitPos(__Lib_Lcd_cmd_status+0) 
0x0072	0xD002      	BRA         L__Lcd_Cmd29
0x0074	0x8281      	BSF         LCD_RS, BitPos(LCD_RS+0) 
0x0076	0xD001      	BRA         L__Lcd_Cmd30
L__Lcd_Cmd29:
0x0078	0x9281      	BCF         LCD_RS, BitPos(LCD_RS+0) 
L__Lcd_Cmd30:
;__Lib_Lcd.c,28 :: 		
0x007A	0x8081      	BSF         LCD_EN, BitPos(LCD_EN+0) 
;__Lib_Lcd.c,29 :: 		
0x007C	0xDFE2      	RCALL       _Delay_1us
;__Lib_Lcd.c,30 :: 		
0x007E	0x9081      	BCF         LCD_EN, BitPos(LCD_EN+0) 
;__Lib_Lcd.c,33 :: 		
0x0080	0xB67A      	BTFSC       FARG_Lcd_Cmd_out_char, 3 
0x0082	0xD002      	BRA         L__Lcd_Cmd31
0x0084	0x9481      	BCF         LCD_D7, BitPos(LCD_D7+0) 
0x0086	0xD001      	BRA         L__Lcd_Cmd32
L__Lcd_Cmd31:
0x0088	0x8481      	BSF         LCD_D7, BitPos(LCD_D7+0) 
L__Lcd_Cmd32:
;__Lib_Lcd.c,34 :: 		
0x008A	0xB47A      	BTFSC       FARG_Lcd_Cmd_out_char, 2 
0x008C	0xD002      	BRA         L__Lcd_Cmd33
0x008E	0x9681      	BCF         LCD_D6, BitPos(LCD_D6+0) 
0x0090	0xD001      	BRA         L__Lcd_Cmd34
L__Lcd_Cmd33:
0x0092	0x8681      	BSF         LCD_D6, BitPos(LCD_D6+0) 
L__Lcd_Cmd34:
;__Lib_Lcd.c,35 :: 		
0x0094	0xB27A      	BTFSC       FARG_Lcd_Cmd_out_char, 1 
0x0096	0xD002      	BRA         L__Lcd_Cmd35
0x0098	0x9881      	BCF         LCD_D5, BitPos(LCD_D5+0) 
0x009A	0xD001      	BRA         L__Lcd_Cmd36
L__Lcd_Cmd35:
0x009C	0x8881      	BSF         LCD_D5, BitPos(LCD_D5+0) 
L__Lcd_Cmd36:
;__Lib_Lcd.c,36 :: 		
0x009E	0xB07A      	BTFSC       FARG_Lcd_Cmd_out_char, 0 
0x00A0	0xD002      	BRA         L__Lcd_Cmd37
0x00A2	0x9A82      	BCF         LCD_D4, BitPos(LCD_D4+0) 
0x00A4	0xD001      	BRA         L__Lcd_Cmd38
L__Lcd_Cmd37:
0x00A6	0x8A82      	BSF         LCD_D4, BitPos(LCD_D4+0) 
L__Lcd_Cmd38:
;__Lib_Lcd.c,38 :: 		
0x00A8	0xB271      	BTFSC       __Lib_Lcd_cmd_status, BitPos(__Lib_Lcd_cmd_status+0) 
0x00AA	0xD002      	BRA         L__Lcd_Cmd39
0x00AC	0x8281      	BSF         LCD_RS, BitPos(LCD_RS+0) 
0x00AE	0xD001      	BRA         L__Lcd_Cmd40
L__Lcd_Cmd39:
0x00B0	0x9281      	BCF         LCD_RS, BitPos(LCD_RS+0) 
L__Lcd_Cmd40:
;__Lib_Lcd.c,40 :: 		
0x00B2	0x8081      	BSF         LCD_EN, BitPos(LCD_EN+0) 
;__Lib_Lcd.c,41 :: 		
0x00B4	0xDFC6      	RCALL       _Delay_1us
;__Lib_Lcd.c,42 :: 		
0x00B6	0x9081      	BCF         LCD_EN, BitPos(LCD_EN+0) 
;__Lib_Lcd.c,44 :: 		
0x00B8	0xA271      	BTFSS       __Lib_Lcd_cmd_status, BitPos(__Lib_Lcd_cmd_status+0) 
0x00BA	0xD002      	BRA         L_Lcd_Cmd0
;__Lib_Lcd.c,45 :: 		
0x00BC	0xDFB2      	RCALL       _Delay_5500us
0x00BE	0xD001      	BRA         L_Lcd_Cmd1
L_Lcd_Cmd0:
;__Lib_Lcd.c,47 :: 		
0x00C0	0xDFBB      	RCALL       _Delay_50us
L_Lcd_Cmd1:
;__Lib_Lcd.c,48 :: 		
L_end_Lcd_Cmd:
0x00C2	0x0012      	RETURN      0
; end of _Lcd_Cmd
_Div_16x16_U:
;__Lib_Math.c,102 :: 		
;__Lib_Math.c,109 :: 		
0x00C4	0x6A08      	CLRF        R8, 0
;__Lib_Math.c,110 :: 		
0x00C6	0x6A09      	CLRF        R9, 0
;__Lib_Math.c,111 :: 		
0x00C8	0x0E10      	MOVLW       16
;__Lib_Math.c,112 :: 		
0x00CA	0x6E0C      	MOVWF       R12, 0
;__Lib_Math.c,113 :: 		
0x00CC	0x3401      	RLCF        R1, 0, 0
;__Lib_Math.c,114 :: 		
0x00CE	0x3608      	RLCF        R8, 1, 0
;__Lib_Math.c,115 :: 		
0x00D0	0x3609      	RLCF        R9, 1, 0
;__Lib_Math.c,116 :: 		
0x00D2	0x5004      	MOVF        R4, 0, 0
;__Lib_Math.c,117 :: 		
0x00D4	0x5E08      	SUBWF       R8, 1, 0
;__Lib_Math.c,118 :: 		
0x00D6	0x5005      	MOVF        R5, 0, 0
;__Lib_Math.c,119 :: 		
0x00D8	0xA0D8      	BTFSS       STATUS, 0, 0
;__Lib_Math.c,120 :: 		
0x00DA	0x3C05      	INCFSZ      R5, 0, 0
;__Lib_Math.c,121 :: 		
0x00DC	0x5E09      	SUBWF       R9, 1, 0
;__Lib_Math.c,122 :: 		
0x00DE	0xB0D8      	BTFSC       STATUS, 0, 0
;__Lib_Math.c,123 :: 		
0x00E0	0xD007      	BRA         $+16
;__Lib_Math.c,124 :: 		
0x00E2	0x5004      	MOVF        R4, 0, 0
;__Lib_Math.c,125 :: 		
0x00E4	0x2608      	ADDWF       R8, 1, 0
;__Lib_Math.c,126 :: 		
0x00E6	0x5005      	MOVF        R5, 0, 0
;__Lib_Math.c,127 :: 		
0x00E8	0xB0D8      	BTFSC       STATUS, 0, 0
;__Lib_Math.c,128 :: 		
0x00EA	0x3C05      	INCFSZ      R5, 0, 0
;__Lib_Math.c,129 :: 		
0x00EC	0x2609      	ADDWF       R9, 1, 0
;__Lib_Math.c,130 :: 		
0x00EE	0x90D8      	BCF         STATUS, 0, 0
;__Lib_Math.c,131 :: 		
0x00F0	0x3600      	RLCF        R0, 1, 0
;__Lib_Math.c,132 :: 		
0x00F2	0x3601      	RLCF        R1, 1, 0
;__Lib_Math.c,133 :: 		
0x00F4	0x2E0C      	DECFSZ      R12, 1, 0
;__Lib_Math.c,134 :: 		
0x00F6	0xD7EA      	BRA         $-42
;__Lib_Math.c,136 :: 		
L_end_Div_16x16_U:
0x00F8	0x0012      	RETURN      0
; end of _Div_16x16_U
_Lcd_Chr_CP:
;__Lib_Lcd.c,50 :: 		
;__Lib_Lcd.c,52 :: 		
0x00FA	0x9271      	BCF         __Lib_Lcd_cmd_status, BitPos(__Lib_Lcd_cmd_status+0) 
;__Lib_Lcd.c,53 :: 		
0x00FC	0xF07AC079  	MOVFF       FARG_Lcd_Chr_CP_out_char, FARG_Lcd_Cmd_out_char
0x0100	0xDFA3      	RCALL       _Lcd_Cmd
;__Lib_Lcd.c,54 :: 		
0x0102	0x8271      	BSF         __Lib_Lcd_cmd_status, BitPos(__Lib_Lcd_cmd_status+0) 
;__Lib_Lcd.c,55 :: 		
L_end_Lcd_Chr_CP:
0x0104	0x0012      	RETURN      0
; end of _Lcd_Chr_CP
_WordToStr:
;__Lib_Conversions.c,84 :: 		
;__Lib_Conversions.c,89 :: 		
0x0106	0x6A76      	CLRF        WordToStr_len_L0 
L_WordToStr6:
0x0108	0x0E05      	MOVLW       5
0x010A	0x5C76      	SUBWF       WordToStr_len_L0, 0 
0x010C	0xE20A      	BC          L_WordToStr7
;__Lib_Conversions.c,90 :: 		
0x010E	0x5076      	MOVF        WordToStr_len_L0, 0 
0x0110	0x2474      	ADDWF       FARG_WordToStr_output, 0 
0x0112	0x6EE1      	MOVWF       FSR1L 
0x0114	0x0E00      	MOVLW       0
0x0116	0x2075      	ADDWFC      FARG_WordToStr_output+1, 0 
0x0118	0x6EE2      	MOVWF       FSR1H 
0x011A	0x0E20      	MOVLW       32
0x011C	0x6EE6      	MOVWF       POSTINC1 
;__Lib_Conversions.c,89 :: 		
0x011E	0x2A76      	INCF        WordToStr_len_L0, 1 
;__Lib_Conversions.c,90 :: 		
0x0120	0xD7F3      	BRA         L_WordToStr6
L_WordToStr7:
;__Lib_Conversions.c,91 :: 		
0x0122	0x5076      	MOVF        WordToStr_len_L0, 0 
0x0124	0x2474      	ADDWF       FARG_WordToStr_output, 0 
0x0126	0x6EE1      	MOVWF       FSR1L 
0x0128	0x0E00      	MOVLW       0
0x012A	0x2075      	ADDWFC      FARG_WordToStr_output+1, 0 
0x012C	0x6EE2      	MOVWF       FSR1H 
0x012E	0x6AE6      	CLRF        POSTINC1 
0x0130	0x0676      	DECF        WordToStr_len_L0, 1 
;__Lib_Conversions.c,93 :: 		
L_WordToStr9:
;__Lib_Conversions.c,94 :: 		
0x0132	0x5076      	MOVF        WordToStr_len_L0, 0 
0x0134	0x2474      	ADDWF       FARG_WordToStr_output, 0 
0x0136	0x6E77      	MOVWF       FLOC__WordToStr 
0x0138	0x0E00      	MOVLW       0
0x013A	0x2075      	ADDWFC      FARG_WordToStr_output+1, 0 
0x013C	0x6E78      	MOVWF       FLOC__WordToStr+1 
0x013E	0x0E0A      	MOVLW       10
0x0140	0x6E04      	MOVWF       R4 
0x0142	0x0E00      	MOVLW       0
0x0144	0x6E05      	MOVWF       R5 
0x0146	0xF000C072  	MOVFF       FARG_WordToStr_input, R0
0x014A	0xF001C073  	MOVFF       FARG_WordToStr_input+1, R1
0x014E	0xDFBA      	RCALL       _Div_16x16_U
0x0150	0xF000C008  	MOVFF       R8, R0
0x0154	0xF001C009  	MOVFF       R9, R1
0x0158	0x0E30      	MOVLW       48
0x015A	0x2600      	ADDWF       R0, 1 
0x015C	0xFFE1C077  	MOVFF       FLOC__WordToStr, FSR1L
0x0160	0xFFE2C078  	MOVFF       FLOC__WordToStr+1, FSR1H
0x0164	0xFFE6C000  	MOVFF       R0, POSTINC1
;__Lib_Conversions.c,95 :: 		
0x0168	0x0E0A      	MOVLW       10
0x016A	0x6E04      	MOVWF       R4 
0x016C	0x0E00      	MOVLW       0
0x016E	0x6E05      	MOVWF       R5 
0x0170	0xF000C072  	MOVFF       FARG_WordToStr_input, R0
0x0174	0xF001C073  	MOVFF       FARG_WordToStr_input+1, R1
0x0178	0xDFA5      	RCALL       _Div_16x16_U
0x017A	0xF072C000  	MOVFF       R0, FARG_WordToStr_input
0x017E	0xF073C001  	MOVFF       R1, FARG_WordToStr_input+1
;__Lib_Conversions.c,96 :: 		
0x0182	0x0E00      	MOVLW       0
0x0184	0x1801      	XORWF       R1, 0 
0x0186	0xE102      	BNZ         L__WordToStr109
0x0188	0x0E00      	MOVLW       0
0x018A	0x1800      	XORWF       R0, 0 
L__WordToStr109:
0x018C	0xE101      	BNZ         L_WordToStr11
;__Lib_Conversions.c,97 :: 		
0x018E	0xD002      	BRA         L_WordToStr10
L_WordToStr11:
;__Lib_Conversions.c,98 :: 		
0x0190	0x0676      	DECF        WordToStr_len_L0, 1 
;__Lib_Conversions.c,99 :: 		
0x0192	0xD7CF      	BRA         L_WordToStr9
L_WordToStr10:
;__Lib_Conversions.c,100 :: 		
L_end_WordToStr:
0x0194	0x0012      	RETURN      0
; end of _WordToStr
_Lcd_Out:
;__Lib_Lcd.c,184 :: 		
;__Lib_Lcd.c,187 :: 		
0x0196	0xD00F      	BRA         L_Lcd_Out11
;__Lib_Lcd.c,188 :: 		
L_Lcd_Out13:
0x0198	0x0E80      	MOVLW       128
0x019A	0x6E72      	MOVWF       FARG_Lcd_Out_row 
0x019C	0xD019      	BRA         L_Lcd_Out12
;__Lib_Lcd.c,189 :: 		
L_Lcd_Out14:
0x019E	0x0EC0      	MOVLW       192
0x01A0	0x6E72      	MOVWF       FARG_Lcd_Out_row 
0x01A2	0xD016      	BRA         L_Lcd_Out12
;__Lib_Lcd.c,190 :: 		
L_Lcd_Out15:
0x01A4	0x0E94      	MOVLW       148
0x01A6	0x6E72      	MOVWF       FARG_Lcd_Out_row 
0x01A8	0xD013      	BRA         L_Lcd_Out12
;__Lib_Lcd.c,191 :: 		
L_Lcd_Out16:
0x01AA	0x0ED4      	MOVLW       212
0x01AC	0x6E72      	MOVWF       FARG_Lcd_Out_row 
0x01AE	0xD010      	BRA         L_Lcd_Out12
;__Lib_Lcd.c,192 :: 		
L_Lcd_Out17:
0x01B0	0x0E80      	MOVLW       128
0x01B2	0x6E72      	MOVWF       FARG_Lcd_Out_row 
;__Lib_Lcd.c,193 :: 		
0x01B4	0xD00D      	BRA         L_Lcd_Out12
L_Lcd_Out11:
0x01B6	0x5072      	MOVF        FARG_Lcd_Out_row, 0 
0x01B8	0x0A01      	XORLW       1
0x01BA	0xE0EE      	BZ          L_Lcd_Out13
0x01BC	0x5072      	MOVF        FARG_Lcd_Out_row, 0 
0x01BE	0x0A02      	XORLW       2
0x01C0	0xE0EE      	BZ          L_Lcd_Out14
0x01C2	0x5072      	MOVF        FARG_Lcd_Out_row, 0 
0x01C4	0x0A03      	XORLW       3
0x01C6	0xE0EE      	BZ          L_Lcd_Out15
0x01C8	0x5072      	MOVF        FARG_Lcd_Out_row, 0 
0x01CA	0x0A04      	XORLW       4
0x01CC	0xE0EE      	BZ          L_Lcd_Out16
0x01CE	0xD7F0      	BRA         L_Lcd_Out17
L_Lcd_Out12:
;__Lib_Lcd.c,194 :: 		
0x01D0	0x0473      	DECF        FARG_Lcd_Out_column, 0 
0x01D2	0x6E00      	MOVWF       R0 
0x01D4	0x5072      	MOVF        FARG_Lcd_Out_row, 0 
0x01D6	0x2600      	ADDWF       R0, 1 
0x01D8	0xF072C000  	MOVFF       R0, FARG_Lcd_Out_row
;__Lib_Lcd.c,196 :: 		
0x01DC	0xF07AC000  	MOVFF       R0, FARG_Lcd_Cmd_out_char
0x01E0	0xDF33      	RCALL       _Lcd_Cmd
;__Lib_Lcd.c,197 :: 		
0x01E2	0x9271      	BCF         __Lib_Lcd_cmd_status, BitPos(__Lib_Lcd_cmd_status+0) 
;__Lib_Lcd.c,198 :: 		
0x01E4	0x6A76      	CLRF        Lcd_Out_i_L0 
;__Lib_Lcd.c,199 :: 		
L_Lcd_Out18:
0x01E6	0x5076      	MOVF        Lcd_Out_i_L0, 0 
0x01E8	0x2474      	ADDWF       FARG_Lcd_Out_text, 0 
0x01EA	0x6EE9      	MOVWF       FSR0L 
0x01EC	0x0E00      	MOVLW       0
0x01EE	0x2075      	ADDWFC      FARG_Lcd_Out_text+1, 0 
0x01F0	0x6EEA      	MOVWF       FSR0H 
0x01F2	0x52EE      	MOVF        POSTINC0, 1 
0x01F4	0xE00B      	BZ          L_Lcd_Out19
;__Lib_Lcd.c,200 :: 		
0x01F6	0x5076      	MOVF        Lcd_Out_i_L0, 0 
0x01F8	0x2474      	ADDWF       FARG_Lcd_Out_text, 0 
0x01FA	0x6EE9      	MOVWF       FSR0L 
0x01FC	0x0E00      	MOVLW       0
0x01FE	0x2075      	ADDWFC      FARG_Lcd_Out_text+1, 0 
0x0200	0x6EEA      	MOVWF       FSR0H 
0x0202	0xF079CFEE  	MOVFF       POSTINC0, FARG_Lcd_Chr_CP_out_char
0x0206	0xDF79      	RCALL       _Lcd_Chr_CP
0x0208	0x2A76      	INCF        Lcd_Out_i_L0, 1 
0x020A	0xD7ED      	BRA         L_Lcd_Out18
L_Lcd_Out19:
;__Lib_Lcd.c,201 :: 		
0x020C	0x8271      	BSF         __Lib_Lcd_cmd_status, BitPos(__Lib_Lcd_cmd_status+0) 
;__Lib_Lcd.c,202 :: 		
L_end_Lcd_Out:
0x020E	0x0012      	RETURN      0
; end of _Lcd_Out
_Lcd_Init:
;__Lib_Lcd.c,84 :: 		
;__Lib_Lcd.c,86 :: 		
0x0210	0x9093      	BCF         LCD_EN_Direction, BitPos(LCD_EN_Direction+0) 
;__Lib_Lcd.c,87 :: 		
0x0212	0x9293      	BCF         LCD_RS_Direction, BitPos(LCD_RS_Direction+0) 
;__Lib_Lcd.c,88 :: 		
0x0214	0x9A94      	BCF         LCD_D4_Direction, BitPos(LCD_D4_Direction+0) 
;__Lib_Lcd.c,89 :: 		
0x0216	0x9893      	BCF         LCD_D5_Direction, BitPos(LCD_D5_Direction+0) 
;__Lib_Lcd.c,90 :: 		
0x0218	0x9693      	BCF         LCD_D6_Direction, BitPos(LCD_D6_Direction+0) 
;__Lib_Lcd.c,91 :: 		
0x021A	0x9493      	BCF         LCD_D7_Direction, BitPos(LCD_D7_Direction+0) 
;__Lib_Lcd.c,93 :: 		
0x021C	0x9081      	BCF         LCD_EN, BitPos(LCD_EN+0) 
;__Lib_Lcd.c,94 :: 		
0x021E	0x9281      	BCF         LCD_RS, BitPos(LCD_RS+0) 
;__Lib_Lcd.c,95 :: 		
0x0220	0x9481      	BCF         LCD_D7, BitPos(LCD_D7+0) 
;__Lib_Lcd.c,96 :: 		
0x0222	0x9681      	BCF         LCD_D6, BitPos(LCD_D6+0) 
;__Lib_Lcd.c,97 :: 		
0x0224	0x9881      	BCF         LCD_D5, BitPos(LCD_D5+0) 
;__Lib_Lcd.c,98 :: 		
0x0226	0x9A82      	BCF         LCD_D4, BitPos(LCD_D4+0) 
;__Lib_Lcd.c,100 :: 		
0x0228	0xDEFC      	RCALL       _Delay_5500us
;__Lib_Lcd.c,101 :: 		
0x022A	0xDEFB      	RCALL       _Delay_5500us
;__Lib_Lcd.c,102 :: 		
0x022C	0xDEFA      	RCALL       _Delay_5500us
;__Lib_Lcd.c,105 :: 		
0x022E	0x8881      	BSF         LCD_D5, BitPos(LCD_D5+0) 
;__Lib_Lcd.c,106 :: 		
0x0230	0x8A82      	BSF         LCD_D4, BitPos(LCD_D4+0) 
;__Lib_Lcd.c,107 :: 		
0x0232	0x8081      	BSF         LCD_EN, BitPos(LCD_EN+0) 
;__Lib_Lcd.c,108 :: 		
0x0234	0xDF06      	RCALL       _Delay_1us
;__Lib_Lcd.c,109 :: 		
0x0236	0x9081      	BCF         LCD_EN, BitPos(LCD_EN+0) 
;__Lib_Lcd.c,110 :: 		
0x0238	0xDEF4      	RCALL       _Delay_5500us
;__Lib_Lcd.c,112 :: 		
0x023A	0x8081      	BSF         LCD_EN, BitPos(LCD_EN+0) 
;__Lib_Lcd.c,113 :: 		
0x023C	0xDF02      	RCALL       _Delay_1us
;__Lib_Lcd.c,114 :: 		
0x023E	0x9081      	BCF         LCD_EN, BitPos(LCD_EN+0) 
;__Lib_Lcd.c,115 :: 		
0x0240	0xDEF0      	RCALL       _Delay_5500us
;__Lib_Lcd.c,117 :: 		
0x0242	0x8081      	BSF         LCD_EN, BitPos(LCD_EN+0) 
;__Lib_Lcd.c,118 :: 		
0x0244	0xDEFE      	RCALL       _Delay_1us
;__Lib_Lcd.c,119 :: 		
0x0246	0x9081      	BCF         LCD_EN, BitPos(LCD_EN+0) 
;__Lib_Lcd.c,120 :: 		
0x0248	0xDEEC      	RCALL       _Delay_5500us
;__Lib_Lcd.c,123 :: 		
0x024A	0x9A82      	BCF         LCD_D4, BitPos(LCD_D4+0) 
;__Lib_Lcd.c,124 :: 		
0x024C	0x8081      	BSF         LCD_EN, BitPos(LCD_EN+0) 
;__Lib_Lcd.c,125 :: 		
0x024E	0xDEF9      	RCALL       _Delay_1us
;__Lib_Lcd.c,126 :: 		
0x0250	0x9081      	BCF         LCD_EN, BitPos(LCD_EN+0) 
;__Lib_Lcd.c,127 :: 		
0x0252	0xDEE7      	RCALL       _Delay_5500us
;__Lib_Lcd.c,130 :: 		
0x0254	0x8081      	BSF         LCD_EN, BitPos(LCD_EN+0) 
;__Lib_Lcd.c,131 :: 		
0x0256	0xDEF5      	RCALL       _Delay_1us
;__Lib_Lcd.c,132 :: 		
0x0258	0x9081      	BCF         LCD_EN, BitPos(LCD_EN+0) 
;__Lib_Lcd.c,134 :: 		
0x025A	0x9881      	BCF         LCD_D5, BitPos(LCD_D5+0) 
;__Lib_Lcd.c,135 :: 		
0x025C	0x8481      	BSF         LCD_D7, BitPos(LCD_D7+0) 
;__Lib_Lcd.c,136 :: 		
0x025E	0x8081      	BSF         LCD_EN, BitPos(LCD_EN+0) 
;__Lib_Lcd.c,137 :: 		
0x0260	0xDEF0      	RCALL       _Delay_1us
;__Lib_Lcd.c,138 :: 		
0x0262	0x9081      	BCF         LCD_EN, BitPos(LCD_EN+0) 
;__Lib_Lcd.c,139 :: 		
0x0264	0xDEDE      	RCALL       _Delay_5500us
;__Lib_Lcd.c,142 :: 		
0x0266	0x9481      	BCF         LCD_D7, BitPos(LCD_D7+0) 
;__Lib_Lcd.c,143 :: 		
0x0268	0x8A82      	BSF         LCD_D4, BitPos(LCD_D4+0) 
;__Lib_Lcd.c,144 :: 		
0x026A	0x8081      	BSF         LCD_EN, BitPos(LCD_EN+0) 
;__Lib_Lcd.c,145 :: 		
0x026C	0xDEEA      	RCALL       _Delay_1us
;__Lib_Lcd.c,146 :: 		
0x026E	0x9081      	BCF         LCD_EN, BitPos(LCD_EN+0) 
;__Lib_Lcd.c,148 :: 		
0x0270	0x9A82      	BCF         LCD_D4, BitPos(LCD_D4+0) 
;__Lib_Lcd.c,149 :: 		
0x0272	0x8081      	BSF         LCD_EN, BitPos(LCD_EN+0) 
;__Lib_Lcd.c,150 :: 		
0x0274	0xDEE6      	RCALL       _Delay_1us
;__Lib_Lcd.c,151 :: 		
0x0276	0x9081      	BCF         LCD_EN, BitPos(LCD_EN+0) 
;__Lib_Lcd.c,152 :: 		
0x0278	0xDED4      	RCALL       _Delay_5500us
;__Lib_Lcd.c,155 :: 		
0x027A	0x8081      	BSF         LCD_EN, BitPos(LCD_EN+0) 
;__Lib_Lcd.c,156 :: 		
0x027C	0xDEE2      	RCALL       _Delay_1us
;__Lib_Lcd.c,157 :: 		
0x027E	0x9081      	BCF         LCD_EN, BitPos(LCD_EN+0) 
;__Lib_Lcd.c,159 :: 		
0x0280	0x8A82      	BSF         LCD_D4, BitPos(LCD_D4+0) 
;__Lib_Lcd.c,160 :: 		
0x0282	0x8081      	BSF         LCD_EN, BitPos(LCD_EN+0) 
;__Lib_Lcd.c,161 :: 		
0x0284	0xDEDE      	RCALL       _Delay_1us
;__Lib_Lcd.c,162 :: 		
0x0286	0x9081      	BCF         LCD_EN, BitPos(LCD_EN+0) 
;__Lib_Lcd.c,163 :: 		
0x0288	0xDECC      	RCALL       _Delay_5500us
;__Lib_Lcd.c,166 :: 		
0x028A	0x9A82      	BCF         LCD_D4, BitPos(LCD_D4+0) 
;__Lib_Lcd.c,167 :: 		
0x028C	0x8081      	BSF         LCD_EN, BitPos(LCD_EN+0) 
;__Lib_Lcd.c,168 :: 		
0x028E	0xDED9      	RCALL       _Delay_1us
;__Lib_Lcd.c,169 :: 		
0x0290	0x9081      	BCF         LCD_EN, BitPos(LCD_EN+0) 
;__Lib_Lcd.c,171 :: 		
0x0292	0x8481      	BSF         LCD_D7, BitPos(LCD_D7+0) 
;__Lib_Lcd.c,172 :: 		
0x0294	0x8681      	BSF         LCD_D6, BitPos(LCD_D6+0) 
;__Lib_Lcd.c,173 :: 		
0x0296	0x8881      	BSF         LCD_D5, BitPos(LCD_D5+0) 
;__Lib_Lcd.c,174 :: 		
0x0298	0x8A82      	BSF         LCD_D4, BitPos(LCD_D4+0) 
;__Lib_Lcd.c,175 :: 		
0x029A	0x8081      	BSF         LCD_EN, BitPos(LCD_EN+0) 
;__Lib_Lcd.c,176 :: 		
0x029C	0xDED2      	RCALL       _Delay_1us
;__Lib_Lcd.c,177 :: 		
0x029E	0x9081      	BCF         LCD_EN, BitPos(LCD_EN+0) 
;__Lib_Lcd.c,179 :: 		
0x02A0	0xDEC0      	RCALL       _Delay_5500us
;__Lib_Lcd.c,181 :: 		
0x02A2	0x8271      	BSF         __Lib_Lcd_cmd_status, BitPos(__Lib_Lcd_cmd_status+0) 
;__Lib_Lcd.c,182 :: 		
L_end_Lcd_Init:
0x02A4	0x0012      	RETURN      0
; end of _Lcd_Init
_Ltrim:
;__Lib_Conversions.c,372 :: 		
;__Lib_Conversions.c,376 :: 		
0x02A6	0x6A74      	CLRF        Ltrim_trimmed_L0 
0x02A8	0x6A75      	CLRF        Ltrim_trimmed_L0+1 
;__Lib_Conversions.c,377 :: 		
0x02AA	0xF003C072  	MOVFF       FARG_Ltrim_string, R3
0x02AE	0xF004C073  	MOVFF       FARG_Ltrim_string+1, R4
;__Lib_Conversions.c,378 :: 		
0x02B2	0xF005C072  	MOVFF       FARG_Ltrim_string, R5
0x02B6	0xF006C073  	MOVFF       FARG_Ltrim_string+1, R6
;__Lib_Conversions.c,379 :: 		
L_Ltrim70:
;__Lib_Conversions.c,380 :: 		
0x02BA	0xFFE9C003  	MOVFF       R3, FSR0L
0x02BE	0xFFEAC004  	MOVFF       R4, FSR0H
0x02C2	0x50EE      	MOVF        POSTINC0, 0 
0x02C4	0x0A20      	XORLW       32
0x02C6	0xE104      	BNZ         L__Ltrim99
0x02C8	0x5074      	MOVF        Ltrim_trimmed_L0, 0 
0x02CA	0x1075      	IORWF       Ltrim_trimmed_L0+1, 0 
0x02CC	0xE101      	BNZ         L__Ltrim99
0x02CE	0xD010      	BRA         L_Ltrim75
L__Ltrim99:
;__Lib_Conversions.c,381 :: 		
0x02D0	0x0E01      	MOVLW       1
0x02D2	0x6E74      	MOVWF       Ltrim_trimmed_L0 
0x02D4	0x0E00      	MOVLW       0
0x02D6	0x6E75      	MOVWF       Ltrim_trimmed_L0+1 
;__Lib_Conversions.c,382 :: 		
0x02D8	0xFFE9C003  	MOVFF       R3, FSR0L
0x02DC	0xFFEAC004  	MOVFF       R4, FSR0H
0x02E0	0xFFE1C005  	MOVFF       R5, FSR1L
0x02E4	0xFFE2C006  	MOVFF       R6, FSR1H
0x02E8	0xFFE6CFEE  	MOVFF       POSTINC0, POSTINC1
0x02EC	0x4A05      	INFSNZ      R5, 1 
0x02EE	0x2A06      	INCF        R6, 1 
;__Lib_Conversions.c,383 :: 		
L_Ltrim75:
;__Lib_Conversions.c,385 :: 		
0x02F0	0xF001C003  	MOVFF       R3, R1
0x02F4	0xF002C004  	MOVFF       R4, R2
0x02F8	0x4A03      	INFSNZ      R3, 1 
0x02FA	0x2A04      	INCF        R4, 1 
0x02FC	0xFFE9C001  	MOVFF       R1, FSR0L
0x0300	0xFFEAC002  	MOVFF       R2, FSR0H
0x0304	0x50EE      	MOVF        POSTINC0, 0 
0x0306	0x0A00      	XORLW       0
0x0308	0xE1D8      	BNZ         L_Ltrim70
;__Lib_Conversions.c,386 :: 		
0x030A	0xF000C072  	MOVFF       FARG_Ltrim_string, R0
0x030E	0xF001C073  	MOVFF       FARG_Ltrim_string+1, R1
;__Lib_Conversions.c,387 :: 		
L_end_Ltrim:
0x0312	0x0012      	RETURN      0
; end of _Ltrim
___CC2DW:
;__Lib_System.c,21 :: 		
;__Lib_System.c,23 :: 		
_CC2DL_Loop1:
;__Lib_System.c,24 :: 		
0x0314	0x0009      	TBLRD*+
;__Lib_System.c,25 :: 		
0x0316	0xFFE6CFF5  	MOVFF       TABLAT, POSTINC1
;__Lib_System.c,26 :: 		
0x031A	0x0600      	DECF        R0, 1, 0
;__Lib_System.c,27 :: 		
0x031C	0xE1FB      	BNZ         _CC2DL_Loop1
;__Lib_System.c,28 :: 		
0x031E	0x0601      	DECF        R1, 1, 0
;__Lib_System.c,29 :: 		
0x0320	0xE1F9      	BNZ         _CC2DL_Loop1
;__Lib_System.c,31 :: 		
L_end___CC2DW:
0x0322	0x0012      	RETURN      0
; end of ___CC2DW
_config:
;ultrasonic-intr.c,23 :: 		void config ()
;ultrasonic-intr.c,25 :: 		ADCON1=0b00001111;                //CONVERT ANALOG TO DIGITAL FOR LAST 4 PINS
0x0324	0x0E0F      	MOVLW       15
0x0326	0x6EC1      	MOVWF       ADCON1 
;ultrasonic-intr.c,27 :: 		TRISC.F3=0;                       //TRIGER AS OUTPUT
0x0328	0x9694      	BCF         TRISC, 3 
;ultrasonic-intr.c,28 :: 		TRISB.F5=0;                       //ECHO AS INPUT
0x032A	0x9A93      	BCF         TRISB, 5 
;ultrasonic-intr.c,29 :: 		TRISD.F0=0;                       //LED1 AS OUTPUT
0x032C	0x9095      	BCF         TRISD, 0 
;ultrasonic-intr.c,30 :: 		TRISD.F1=0;                       //LED2 AS OUTPUT
0x032E	0x9295      	BCF         TRISD, 1 
;ultrasonic-intr.c,31 :: 		TRISE.F3=1;                       //LCMR (RESET PIC) AS INPUT
0x0330	0x8696      	BSF         TRISE, 3 
;ultrasonic-intr.c,33 :: 		Lcd_Init();                        // Initialize LCD
0x0332	0xDF6E      	RCALL       _Lcd_Init
;ultrasonic-intr.c,34 :: 		Lcd_Cmd(_LCD_CLEAR);               // Clear display
0x0334	0x0E01      	MOVLW       1
0x0336	0x6E7A      	MOVWF       FARG_Lcd_Cmd_out_char 
0x0338	0xDE87      	RCALL       _Lcd_Cmd
;ultrasonic-intr.c,35 :: 		Lcd_Cmd(_LCD_CURSOR_OFF);
0x033A	0x0E0C      	MOVLW       12
0x033C	0x6E7A      	MOVWF       FARG_Lcd_Cmd_out_char 
0x033E	0xDE84      	RCALL       _Lcd_Cmd
;ultrasonic-intr.c,36 :: 		Lcd_Out(1,1,"welcome");
0x0340	0x0E01      	MOVLW       1
0x0342	0x6E72      	MOVWF       FARG_Lcd_Out_row 
0x0344	0x0E01      	MOVLW       1
0x0346	0x6E73      	MOVWF       FARG_Lcd_Out_column 
0x0348	0x0E23      	MOVLW       ?lstr1_ultrasonic_45intr
0x034A	0x6E74      	MOVWF       FARG_Lcd_Out_text 
0x034C	0x0E00      	MOVLW       hi_addr(?lstr1_ultrasonic_45intr)
0x034E	0x6E75      	MOVWF       FARG_Lcd_Out_text+1 
0x0350	0xDF22      	RCALL       _Lcd_Out
;ultrasonic-intr.c,37 :: 		delay_ms(1000);
0x0352	0x0E0B      	MOVLW       11
0x0354	0x6E0B      	MOVWF       R11, 0
0x0356	0x0E26      	MOVLW       38
0x0358	0x6E0C      	MOVWF       R12, 0
0x035A	0x0E5D      	MOVLW       93
0x035C	0x6E0D      	MOVWF       R13, 0
L_config0:
0x035E	0x2E0D      	DECFSZ      R13, 1, 0
0x0360	0xD7FE      	BRA         L_config0
0x0362	0x2E0C      	DECFSZ      R12, 1, 0
0x0364	0xD7FC      	BRA         L_config0
0x0366	0x2E0B      	DECFSZ      R11, 1, 0
0x0368	0xD7FA      	BRA         L_config0
0x036A	0x0000      	NOP
0x036C	0x0000      	NOP
;ultrasonic-intr.c,38 :: 		Lcd_Cmd(_LCD_CLEAR);
0x036E	0x0E01      	MOVLW       1
0x0370	0x6E7A      	MOVWF       FARG_Lcd_Cmd_out_char 
0x0372	0xDE6A      	RCALL       _Lcd_Cmd
;ultrasonic-intr.c,39 :: 		Lcd_Out(1,1,"ultrasonic");
0x0374	0x0E01      	MOVLW       1
0x0376	0x6E72      	MOVWF       FARG_Lcd_Out_row 
0x0378	0x0E01      	MOVLW       1
0x037A	0x6E73      	MOVWF       FARG_Lcd_Out_column 
0x037C	0x0E18      	MOVLW       ?lstr2_ultrasonic_45intr
0x037E	0x6E74      	MOVWF       FARG_Lcd_Out_text 
0x0380	0x0E00      	MOVLW       hi_addr(?lstr2_ultrasonic_45intr)
0x0382	0x6E75      	MOVWF       FARG_Lcd_Out_text+1 
0x0384	0xDF08      	RCALL       _Lcd_Out
;ultrasonic-intr.c,40 :: 		delay_ms(1000);
0x0386	0x0E0B      	MOVLW       11
0x0388	0x6E0B      	MOVWF       R11, 0
0x038A	0x0E26      	MOVLW       38
0x038C	0x6E0C      	MOVWF       R12, 0
0x038E	0x0E5D      	MOVLW       93
0x0390	0x6E0D      	MOVWF       R13, 0
L_config1:
0x0392	0x2E0D      	DECFSZ      R13, 1, 0
0x0394	0xD7FE      	BRA         L_config1
0x0396	0x2E0C      	DECFSZ      R12, 1, 0
0x0398	0xD7FC      	BRA         L_config1
0x039A	0x2E0B      	DECFSZ      R11, 1, 0
0x039C	0xD7FA      	BRA         L_config1
0x039E	0x0000      	NOP
0x03A0	0x0000      	NOP
;ultrasonic-intr.c,41 :: 		PORTD.F0=1;
0x03A2	0x8083      	BSF         PORTD, 0 
;ultrasonic-intr.c,42 :: 		PORTD.F1=1;
0x03A4	0x8283      	BSF         PORTD, 1 
;ultrasonic-intr.c,43 :: 		delay_ms(1000);
0x03A6	0x0E0B      	MOVLW       11
0x03A8	0x6E0B      	MOVWF       R11, 0
0x03AA	0x0E26      	MOVLW       38
0x03AC	0x6E0C      	MOVWF       R12, 0
0x03AE	0x0E5D      	MOVLW       93
0x03B0	0x6E0D      	MOVWF       R13, 0
L_config2:
0x03B2	0x2E0D      	DECFSZ      R13, 1, 0
0x03B4	0xD7FE      	BRA         L_config2
0x03B6	0x2E0C      	DECFSZ      R12, 1, 0
0x03B8	0xD7FC      	BRA         L_config2
0x03BA	0x2E0B      	DECFSZ      R11, 1, 0
0x03BC	0xD7FA      	BRA         L_config2
0x03BE	0x0000      	NOP
0x03C0	0x0000      	NOP
;ultrasonic-intr.c,44 :: 		PORTD.F0=0;
0x03C2	0x9083      	BCF         PORTD, 0 
;ultrasonic-intr.c,45 :: 		PORTD.F1=0;
0x03C4	0x9283      	BCF         PORTD, 1 
;ultrasonic-intr.c,46 :: 		delay_ms(1000);
0x03C6	0x0E0B      	MOVLW       11
0x03C8	0x6E0B      	MOVWF       R11, 0
0x03CA	0x0E26      	MOVLW       38
0x03CC	0x6E0C      	MOVWF       R12, 0
0x03CE	0x0E5D      	MOVLW       93
0x03D0	0x6E0D      	MOVWF       R13, 0
L_config3:
0x03D2	0x2E0D      	DECFSZ      R13, 1, 0
0x03D4	0xD7FE      	BRA         L_config3
0x03D6	0x2E0C      	DECFSZ      R12, 1, 0
0x03D8	0xD7FC      	BRA         L_config3
0x03DA	0x2E0B      	DECFSZ      R11, 1, 0
0x03DC	0xD7FA      	BRA         L_config3
0x03DE	0x0000      	NOP
0x03E0	0x0000      	NOP
;ultrasonic-intr.c,47 :: 		delay_ms(1);
0x03E2	0x0E03      	MOVLW       3
0x03E4	0x6E0C      	MOVWF       R12, 0
0x03E6	0x0E97      	MOVLW       151
0x03E8	0x6E0D      	MOVWF       R13, 0
L_config4:
0x03EA	0x2E0D      	DECFSZ      R13, 1, 0
0x03EC	0xD7FE      	BRA         L_config4
0x03EE	0x2E0C      	DECFSZ      R12, 1, 0
0x03F0	0xD7FC      	BRA         L_config4
0x03F2	0x0000      	NOP
0x03F4	0x0000      	NOP
;ultrasonic-intr.c,49 :: 		T1CON=0b00000000;                         //RESET TIMER1
0x03F6	0x6ACD      	CLRF        T1CON 
;ultrasonic-intr.c,50 :: 		RBIF_bit =1;
0x03F8	0x80F2      	BSF         RBIF_bit, 0 
;ultrasonic-intr.c,51 :: 		RBIE_bit =1;
0x03FA	0x86F2      	BSF         RBIE_bit, 3 
;ultrasonic-intr.c,52 :: 		PEIE_bit =1;
0x03FC	0x8CF2      	BSF         PEIE_bit, 6 
;ultrasonic-intr.c,53 :: 		GIE_bit  =1;
0x03FE	0x8EF2      	BSF         GIE_bit, 7 
;ultrasonic-intr.c,54 :: 		}
L_end_config:
0x0400	0x0012      	RETURN      0
; end of _config
_get_distsnce:
;ultrasonic-intr.c,56 :: 		void get_distsnce()
;ultrasonic-intr.c,58 :: 		TMR1H=0;            //RESET TIMER1 4BYTES FOR HGH EDGE
0x0402	0x6ACF      	CLRF        TMR1H 
;ultrasonic-intr.c,59 :: 		TMR1L=0;            //RESET TIMER1 4BYTES FOR LOW
0x0404	0x6ACE      	CLRF        TMR1L 
;ultrasonic-intr.c,60 :: 		PORTC.F3=1;         //trigger pulse
0x0406	0x8682      	BSF         PORTC, 3 
;ultrasonic-intr.c,61 :: 		delay_us(10);
0x0408	0x0E06      	MOVLW       6
0x040A	0x6E0D      	MOVWF       R13, 0
L_get_distsnce5:
0x040C	0x2E0D      	DECFSZ      R13, 1, 0
0x040E	0xD7FE      	BRA         L_get_distsnce5
0x0410	0x0000      	NOP
;ultrasonic-intr.c,62 :: 		PORTC.F3=0;
0x0412	0x9682      	BCF         PORTC, 3 
;ultrasonic-intr.c,64 :: 		if(flag == 1 && _distance != distance)
0x0414	0xA071      	BTFSS       _flag, BitPos(_flag+0) 
0x0416	0xD08F      	BRA         L_get_distsnce8
0x0418	0x5070      	MOVF        __distance+1, 0 
0x041A	0x185E      	XORWF       _distance+1, 0 
0x041C	0xE102      	BNZ         L__get_distsnce26
0x041E	0x505D      	MOVF        _distance, 0 
0x0420	0x186F      	XORWF       __distance, 0 
L__get_distsnce26:
0x0422	0xB4D8      	BTFSC       STATUS, 2 
0x0424	0xD088      	BRA         L_get_distsnce8
L__get_distsnce23:
;ultrasonic-intr.c,66 :: 		_distance=distance;
0x0426	0xF06FC05D  	MOVFF       _distance, __distance
0x042A	0xF070C05E  	MOVFF       _distance+1, __distance+1
;ultrasonic-intr.c,68 :: 		wordtostr(time,time_txt);
0x042E	0xF072C05B  	MOVFF       _time, FARG_WordToStr_input
0x0432	0xF073C05C  	MOVFF       _time+1, FARG_WordToStr_input+1
0x0436	0x0E67      	MOVLW       _time_txt
0x0438	0x6E74      	MOVWF       FARG_WordToStr_output 
0x043A	0x0E00      	MOVLW       hi_addr(_time_txt)
0x043C	0x6E75      	MOVWF       FARG_WordToStr_output+1 
0x043E	0xDE63      	RCALL       _WordToStr
;ultrasonic-intr.c,69 :: 		wordtostr(distance,distance_txt);
0x0440	0xF072C05D  	MOVFF       _distance, FARG_WordToStr_input
0x0444	0xF073C05E  	MOVFF       _distance+1, FARG_WordToStr_input+1
0x0448	0x0E5F      	MOVLW       _distance_txt
0x044A	0x6E74      	MOVWF       FARG_WordToStr_output 
0x044C	0x0E00      	MOVLW       hi_addr(_distance_txt)
0x044E	0x6E75      	MOVWF       FARG_WordToStr_output+1 
0x0450	0xDE5A      	RCALL       _WordToStr
;ultrasonic-intr.c,71 :: 		Ltrim(time_txt);
0x0452	0x0E67      	MOVLW       _time_txt
0x0454	0x6E72      	MOVWF       FARG_Ltrim_string 
0x0456	0x0E00      	MOVLW       hi_addr(_time_txt)
0x0458	0x6E73      	MOVWF       FARG_Ltrim_string+1 
0x045A	0xDF25      	RCALL       _Ltrim
;ultrasonic-intr.c,72 :: 		Ltrim(distance_txt);
0x045C	0x0E5F      	MOVLW       _distance_txt
0x045E	0x6E72      	MOVWF       FARG_Ltrim_string 
0x0460	0x0E00      	MOVLW       hi_addr(_distance_txt)
0x0462	0x6E73      	MOVWF       FARG_Ltrim_string+1 
0x0464	0xDF20      	RCALL       _Ltrim
;ultrasonic-intr.c,74 :: 		if(distance>=10 && distance<=400)
0x0466	0x0E00      	MOVLW       0
0x0468	0x5C5E      	SUBWF       _distance+1, 0 
0x046A	0xE102      	BNZ         L__get_distsnce27
0x046C	0x0E0A      	MOVLW       10
0x046E	0x5C5D      	SUBWF       _distance, 0 
L__get_distsnce27:
0x0470	0xE32E      	BNC         L_get_distsnce11
0x0472	0x505E      	MOVF        _distance+1, 0 
0x0474	0x0801      	SUBLW       1
0x0476	0xE102      	BNZ         L__get_distsnce28
0x0478	0x505D      	MOVF        _distance, 0 
0x047A	0x0890      	SUBLW       144
L__get_distsnce28:
0x047C	0xE328      	BNC         L_get_distsnce11
L__get_distsnce22:
;ultrasonic-intr.c,76 :: 		Lcd_Cmd(_LCD_CLEAR);
0x047E	0x0E01      	MOVLW       1
0x0480	0x6E7A      	MOVWF       FARG_Lcd_Cmd_out_char 
0x0482	0xDDE2      	RCALL       _Lcd_Cmd
;ultrasonic-intr.c,77 :: 		Lcd_Out(2,1,"time=");
0x0484	0x0E02      	MOVLW       2
0x0486	0x6E72      	MOVWF       FARG_Lcd_Out_row 
0x0488	0x0E01      	MOVLW       1
0x048A	0x6E73      	MOVWF       FARG_Lcd_Out_column 
0x048C	0x0E2B      	MOVLW       ?lstr3_ultrasonic_45intr
0x048E	0x6E74      	MOVWF       FARG_Lcd_Out_text 
0x0490	0x0E00      	MOVLW       hi_addr(?lstr3_ultrasonic_45intr)
0x0492	0x6E75      	MOVWF       FARG_Lcd_Out_text+1 
0x0494	0xDE80      	RCALL       _Lcd_Out
;ultrasonic-intr.c,78 :: 		Lcd_Out(2,1,"distance=");
0x0496	0x0E02      	MOVLW       2
0x0498	0x6E72      	MOVWF       FARG_Lcd_Out_row 
0x049A	0x0E01      	MOVLW       1
0x049C	0x6E73      	MOVWF       FARG_Lcd_Out_column 
0x049E	0x0E41      	MOVLW       ?lstr4_ultrasonic_45intr
0x04A0	0x6E74      	MOVWF       FARG_Lcd_Out_text 
0x04A2	0x0E00      	MOVLW       hi_addr(?lstr4_ultrasonic_45intr)
0x04A4	0x6E75      	MOVWF       FARG_Lcd_Out_text+1 
0x04A6	0xDE77      	RCALL       _Lcd_Out
;ultrasonic-intr.c,79 :: 		Lcd_Out(2,6,time_txt);
0x04A8	0x0E02      	MOVLW       2
0x04AA	0x6E72      	MOVWF       FARG_Lcd_Out_row 
0x04AC	0x0E06      	MOVLW       6
0x04AE	0x6E73      	MOVWF       FARG_Lcd_Out_column 
0x04B0	0x0E67      	MOVLW       _time_txt
0x04B2	0x6E74      	MOVWF       FARG_Lcd_Out_text 
0x04B4	0x0E00      	MOVLW       hi_addr(_time_txt)
0x04B6	0x6E75      	MOVWF       FARG_Lcd_Out_text+1 
0x04B8	0xDE6E      	RCALL       _Lcd_Out
;ultrasonic-intr.c,80 :: 		Lcd_Out(2,11,distance_txt);
0x04BA	0x0E02      	MOVLW       2
0x04BC	0x6E72      	MOVWF       FARG_Lcd_Out_row 
0x04BE	0x0E0B      	MOVLW       11
0x04C0	0x6E73      	MOVWF       FARG_Lcd_Out_column 
0x04C2	0x0E5F      	MOVLW       _distance_txt
0x04C4	0x6E74      	MOVWF       FARG_Lcd_Out_text 
0x04C6	0x0E00      	MOVLW       hi_addr(_distance_txt)
0x04C8	0x6E75      	MOVWF       FARG_Lcd_Out_text+1 
0x04CA	0xDE65      	RCALL       _Lcd_Out
;ultrasonic-intr.c,81 :: 		}
0x04CC	0xD033      	BRA         L_get_distsnce12
L_get_distsnce11:
;ultrasonic-intr.c,84 :: 		Lcd_Cmd(_LCD_CLEAR);
0x04CE	0x0E01      	MOVLW       1
0x04D0	0x6E7A      	MOVWF       FARG_Lcd_Cmd_out_char 
0x04D2	0xDDBA      	RCALL       _Lcd_Cmd
;ultrasonic-intr.c,86 :: 		PORTD.F0=0;
0x04D4	0x9083      	BCF         PORTD, 0 
;ultrasonic-intr.c,87 :: 		while(1)
L_get_distsnce13:
;ultrasonic-intr.c,89 :: 		Lcd_Out(3,3,"OUT OF RANGE!!!");
0x04D6	0x0E03      	MOVLW       3
0x04D8	0x6E72      	MOVWF       FARG_Lcd_Out_row 
0x04DA	0x0E03      	MOVLW       3
0x04DC	0x6E73      	MOVWF       FARG_Lcd_Out_column 
0x04DE	0x0E4B      	MOVLW       ?lstr5_ultrasonic_45intr
0x04E0	0x6E74      	MOVWF       FARG_Lcd_Out_text 
0x04E2	0x0E00      	MOVLW       hi_addr(?lstr5_ultrasonic_45intr)
0x04E4	0x6E75      	MOVWF       FARG_Lcd_Out_text+1 
0x04E6	0xDE57      	RCALL       _Lcd_Out
;ultrasonic-intr.c,90 :: 		PORTD.F1=1;
0x04E8	0x8283      	BSF         PORTD, 1 
;ultrasonic-intr.c,91 :: 		delay_ms(100);
0x04EA	0x0E02      	MOVLW       2
0x04EC	0x6E0B      	MOVWF       R11, 0
0x04EE	0x0E04      	MOVLW       4
0x04F0	0x6E0C      	MOVWF       R12, 0
0x04F2	0x0EBA      	MOVLW       186
0x04F4	0x6E0D      	MOVWF       R13, 0
L_get_distsnce15:
0x04F6	0x2E0D      	DECFSZ      R13, 1, 0
0x04F8	0xD7FE      	BRA         L_get_distsnce15
0x04FA	0x2E0C      	DECFSZ      R12, 1, 0
0x04FC	0xD7FC      	BRA         L_get_distsnce15
0x04FE	0x2E0B      	DECFSZ      R11, 1, 0
0x0500	0xD7FA      	BRA         L_get_distsnce15
0x0502	0x0000      	NOP
;ultrasonic-intr.c,92 :: 		Lcd_Out(3,3,"               ");
0x0504	0x0E03      	MOVLW       3
0x0506	0x6E72      	MOVWF       FARG_Lcd_Out_row 
0x0508	0x0E03      	MOVLW       3
0x050A	0x6E73      	MOVWF       FARG_Lcd_Out_column 
0x050C	0x0E31      	MOVLW       ?lstr6_ultrasonic_45intr
0x050E	0x6E74      	MOVWF       FARG_Lcd_Out_text 
0x0510	0x0E00      	MOVLW       hi_addr(?lstr6_ultrasonic_45intr)
0x0512	0x6E75      	MOVWF       FARG_Lcd_Out_text+1 
0x0514	0xDE40      	RCALL       _Lcd_Out
;ultrasonic-intr.c,93 :: 		PORTD.F1=0;
0x0516	0x9283      	BCF         PORTD, 1 
;ultrasonic-intr.c,94 :: 		delay_ms(100);
0x0518	0x0E02      	MOVLW       2
0x051A	0x6E0B      	MOVWF       R11, 0
0x051C	0x0E04      	MOVLW       4
0x051E	0x6E0C      	MOVWF       R12, 0
0x0520	0x0EBA      	MOVLW       186
0x0522	0x6E0D      	MOVWF       R13, 0
L_get_distsnce16:
0x0524	0x2E0D      	DECFSZ      R13, 1, 0
0x0526	0xD7FE      	BRA         L_get_distsnce16
0x0528	0x2E0C      	DECFSZ      R12, 1, 0
0x052A	0xD7FC      	BRA         L_get_distsnce16
0x052C	0x2E0B      	DECFSZ      R11, 1, 0
0x052E	0xD7FA      	BRA         L_get_distsnce16
0x0530	0x0000      	NOP
;ultrasonic-intr.c,95 :: 		}
0x0532	0xD7D1      	BRA         L_get_distsnce13
;ultrasonic-intr.c,96 :: 		}
L_get_distsnce12:
;ultrasonic-intr.c,97 :: 		flag=0;
0x0534	0x9071      	BCF         _flag, BitPos(_flag+0) 
;ultrasonic-intr.c,98 :: 		}
L_get_distsnce8:
;ultrasonic-intr.c,100 :: 		}
L_end_get_distsnce:
0x0536	0x0012      	RETURN      0
; end of _get_distsnce
_main:
0x0538	0xF002ECC4  	CALL        1416, 0
;ultrasonic-intr.c,102 :: 		void main() {
;ultrasonic-intr.c,103 :: 		config();
0x053C	0xDEF3      	RCALL       _config
;ultrasonic-intr.c,104 :: 		while (1)
L_main17:
;ultrasonic-intr.c,106 :: 		get_distsnce();
0x053E	0xDF61      	RCALL       _get_distsnce
;ultrasonic-intr.c,107 :: 		}
0x0540	0xD7FE      	BRA         L_main17
;ultrasonic-intr.c,108 :: 		}
L_end_main:
0x0542	0xD7FF      	BRA         $+0
; end of _main
0x0588	0xF018EE10  	LFSR        1, 24
0x058C	0x0E43      	MOVLW       67
0x058E	0x6E00      	MOVWF       R0 
0x0590	0x0E01      	MOVLW       1
0x0592	0x6E01      	MOVWF       R1 
0x0594	0x0E44      	MOVLW       68
0x0596	0x6EF6      	MOVWF       4086 
0x0598	0x0E05      	MOVLW       5
0x059A	0x6EF7      	MOVWF       TBLPTRH 
0x059C	0x0E00      	MOVLW       0
0x059E	0x6EF8      	MOVWF       TBLPTRU 
0x05A0	0xF001EC8A  	CALL        788, 0
0x05A4	0x0012      	RETURN      0
;ultrasonic-intr.c,0 :: ?ICS?lstr2_ultrasonic_45intr
0x0544	0x6C75 ;?ICS?lstr2_ultrasonic_45intr+0
0x0546	0x7274 ;?ICS?lstr2_ultrasonic_45intr+2
0x0548	0x7361 ;?ICS?lstr2_ultrasonic_45intr+4
0x054A	0x6E6F ;?ICS?lstr2_ultrasonic_45intr+6
0x054C	0x6369 ;?ICS?lstr2_ultrasonic_45intr+8
0x054E	0x00 ;?ICS?lstr2_ultrasonic_45intr+10
; end of ?ICS?lstr2_ultrasonic_45intr
;ultrasonic-intr.c,0 :: ?ICS?lstr1_ultrasonic_45intr
0x054F	0x6577 ;?ICS?lstr1_ultrasonic_45intr+0
0x0551	0x636C ;?ICS?lstr1_ultrasonic_45intr+2
0x0553	0x6D6F ;?ICS?lstr1_ultrasonic_45intr+4
0x0555	0x0065 ;?ICS?lstr1_ultrasonic_45intr+6
; end of ?ICS?lstr1_ultrasonic_45intr
;ultrasonic-intr.c,0 :: ?ICS?lstr3_ultrasonic_45intr
0x0557	0x6974 ;?ICS?lstr3_ultrasonic_45intr+0
0x0559	0x656D ;?ICS?lstr3_ultrasonic_45intr+2
0x055B	0x003D ;?ICS?lstr3_ultrasonic_45intr+4
; end of ?ICS?lstr3_ultrasonic_45intr
;ultrasonic-intr.c,0 :: ?ICS?lstr6_ultrasonic_45intr
0x055D	0x2020 ;?ICS?lstr6_ultrasonic_45intr+0
0x055F	0x2020 ;?ICS?lstr6_ultrasonic_45intr+2
0x0561	0x2020 ;?ICS?lstr6_ultrasonic_45intr+4
0x0563	0x2020 ;?ICS?lstr6_ultrasonic_45intr+6
0x0565	0x2020 ;?ICS?lstr6_ultrasonic_45intr+8
0x0567	0x2020 ;?ICS?lstr6_ultrasonic_45intr+10
0x0569	0x2020 ;?ICS?lstr6_ultrasonic_45intr+12
0x056B	0x0020 ;?ICS?lstr6_ultrasonic_45intr+14
; end of ?ICS?lstr6_ultrasonic_45intr
;ultrasonic-intr.c,0 :: ?ICS?lstr4_ultrasonic_45intr
0x056D	0x6964 ;?ICS?lstr4_ultrasonic_45intr+0
0x056F	0x7473 ;?ICS?lstr4_ultrasonic_45intr+2
0x0571	0x6E61 ;?ICS?lstr4_ultrasonic_45intr+4
0x0573	0x6563 ;?ICS?lstr4_ultrasonic_45intr+6
0x0575	0x003D ;?ICS?lstr4_ultrasonic_45intr+8
; end of ?ICS?lstr4_ultrasonic_45intr
;ultrasonic-intr.c,0 :: ?ICS?lstr5_ultrasonic_45intr
0x0577	0x554F ;?ICS?lstr5_ultrasonic_45intr+0
0x0579	0x2054 ;?ICS?lstr5_ultrasonic_45intr+2
0x057B	0x464F ;?ICS?lstr5_ultrasonic_45intr+4
0x057D	0x5220 ;?ICS?lstr5_ultrasonic_45intr+6
0x057F	0x4E41 ;?ICS?lstr5_ultrasonic_45intr+8
0x0581	0x4547 ;?ICS?lstr5_ultrasonic_45intr+10
0x0583	0x2121 ;?ICS?lstr5_ultrasonic_45intr+12
0x0585	0x0021 ;?ICS?lstr5_ultrasonic_45intr+14
; end of ?ICS?lstr5_ultrasonic_45intr
Symbol List:
//** Routines locations **
//ADDRESS    SIZE    PROCEDURE
//----------------------------------------------
0x0008      [26]    _interrupt
0x0022      [22]    _Delay_5500us
0x0038      [10]    _Delay_50us
0x0042       [6]    _Delay_1us
0x0048     [124]    _Lcd_Cmd
0x00C4      [54]    _Div_16x16_U
0x00FA      [12]    _Lcd_Chr_CP
0x0106     [144]    _WordToStr
0x0196     [122]    _Lcd_Out
0x0210     [150]    _Lcd_Init
0x02A6     [110]    _Ltrim
0x0314      [16]    ___CC2DW
0x0324     [222]    _config
0x0402     [310]    _get_distsnce
0x0538      [12]    _main
//** Variables locations ** 
//ADDRESS    SIZE    VARIABLE
//----------------------------------------------
0x0000       [1]    R0
0x0000       [1]    FLASH_Erase_64_SaveINTCON_L0
0x0000       [1]    EEPROM_Write_SaveINTCON_L0
0x0000       [1]    __Lib_SoftI2C_PutZerosToLATSda_temp_sda_L0
0x0000       [1]    SPI1_Write_tmp_L0
0x0000       [1]    UART1_Init_tmp_L0
0x0000       [1]    __Lib_SoftI2C_PutZerosToLATScl_temp_scl_L0
0x0001       [1]    FLASH_Erase_Write_64_i_L0
0x0001       [1]    __Lib_TFT_16bit_JPEG_FileReadBytes_Result_L0
0x0001       [1]    __Lib_TFT_JPEG_FileRead_i_L0
0x0001       [1]    UART1_Read___tmp_UART1_Read_L0
0x0001       [2]    FLASH_Read_N_Bytes_i_L0
0x0001       [1]    I2C1_Rd_tmp_L0
0x0001       [1]    __Lib_TFT_JPEG_FileReadBytes_Result_L0
0x0001       [1]    ispunct_rslt_L0
0x0001       [1]    R1
0x0001       [1]    FLASH_Write_64_i_L0
0x0001       [1]    __Lib_PS2_Wait_Falling_nsample_L0
0x0001       [1]    __Lib_TFT_16bit_JPEG_FileRead_i_L0
0x0002       [2]    strlen_cp_L0
0x0002       [1]    FLASH_Erase_Write_64_j_L0
0x0002       [2]    memchr_s_L0
0x0002       [1]    R2
0x0002       [2]    memset_pp_L0
0x0002       [1]    FLASH_Write_64_SaveINTCON_L0
0x0002       [2]    memcpy_dd_L0
0x0003       [1]    MM_Init_i_L0
0x0003       [1]    FLASH_Erase_Write_64_SaveINTCON_L0
0x0003       [1]    R3
0x0003       [2]    MM_TotalFreeMemSize_Tot_L0
0x0003       [2]    Ltrim_original_L0
0x0003       [2]    memmove_tt_L0
0x0004       [2]    strncat_cp_L0
0x0004       [2]    strncpy_cp_L0
0x0004       [2]    memcpy_ss_L0
0x0004       [2]    strcpy_cp_L0
0x0004       [2]    __Lib_MemManager_MM_GetMemAlign_P_L0
0x0004       [1]    R4
0x0004       [2]    strcat_cp_L0
0x0004       [2]    frexp_pom_L0
0x0004       [2]    __Lib_MmcFat16_f16_toInt_l_L0
0x0005       [2]    memmove_ff_L0
0x0005       [1]    R5
0x0005       [2]    Ltrim_p_L0
0x0005       [2]    LongIntToHex_input_half_L0
0x0005       [2]    LongWordToHex_input_half_L0
0x0005       [1]    MM_TotalFreeMemSize_i_L0
0x0006       [1]    R6
0x0006       [1]    __Lib_MemManager_MM_GetMemAlign_i_L0
0x0007       [1]    R7
0x0007       [1]    __Lib_TFT_JPEG_GenerateHuffmanTables_bLength_L0
0x0007       [1]    __Lib_TFT_16bit_JPEG_GenerateHuffmanTables_bLength_L0
0x0008       [1]    __Lib_TFT_JPEG_GenerateHuffmanTables_bTable_L0
0x0008       [1]    __Lib_TFT_16bit_JPEG_GenerateHuffmanTables_bTable_L0
0x0008       [1]    R8
0x0009       [1]    R9
0x000A       [1]    R10
0x000B       [1]    R11
0x000C       [4]    __Lib_MmcFat16_f16_toLong_l_L0
0x000C       [1]    R12
0x000D       [1]    R13
0x000E       [1]    R14
0x000F       [1]    R15
0x0010       [1]    R16
0x0011       [1]    R17
0x0012       [1]    R18
0x0013       [1]    R19
0x0014       [1]    R20
0x0018      [11]    ?lstr2_ultrasonic_45intr
0x0023       [8]    ?lstr1_ultrasonic_45intr
0x002B       [6]    ?lstr3_ultrasonic_45intr
0x0031      [16]    ?lstr6_ultrasonic_45intr
0x0041      [10]    ?lstr4_ultrasonic_45intr
0x004B      [16]    ?lstr5_ultrasonic_45intr
0x005B       [2]    _time
0x005D       [2]    _distance
0x005F       [8]    _distance_txt
0x0067       [8]    _time_txt
0x006F       [2]    __distance
0x0071       [0]    _flag
0x0071       [0]    __Lib_Lcd_cmd_status
0x0072       [1]    FARG_Lcd_Out_row
0x0072       [2]    FARG_WordToStr_input
0x0072       [2]    FARG_Ltrim_string
0x0073       [1]    FARG_Lcd_Out_column
0x0074       [2]    FARG_WordToStr_output
0x0074       [2]    FARG_Lcd_Out_text
0x0074       [2]    Ltrim_trimmed_L0
0x0076       [1]    Lcd_Out_i_L0
0x0076       [1]    WordToStr_len_L0
0x0077       [2]    FLOC__WordToStr
0x0079       [1]    FARG_Lcd_Chr_CP_out_char
0x007A       [1]    FARG_Lcd_Cmd_out_char
0x0F81       [0]    RB2_bit
0x0F81       [0]    RB4_bit
0x0F81       [0]    RB3_bit
0x0F81       [0]    LCD_EN
0x0F81       [0]    LCD_D6
0x0F81       [0]    LCD_RS
0x0F81       [0]    LCD_D5
0x0F81       [0]    RB0_bit
0x0F81       [1]    PORTB
0x0F81       [0]    RB1_bit
0x0F81       [0]    LCD_D7
0x0F82       [0]    RC5_bit
0x0F82       [1]    PORTC
0x0F82       [0]    LCD_D4
0x0F83       [1]    PORTD
0x0F93       [1]    TRISB
0x0F93       [0]    TRISB2_bit
0x0F93       [0]    TRISB3_bit
0x0F93       [0]    TRISB4_bit
0x0F93       [0]    LCD_EN_Direction
0x0F93       [0]    LCD_D5_Direction
0x0F93       [0]    LCD_D7_Direction
0x0F93       [0]    LCD_D6_Direction
0x0F93       [0]    LCD_RS_Direction
0x0F93       [0]    TRISB0_bit
0x0F93       [0]    TRISB1_bit
0x0F94       [0]    TRISC5_bit
0x0F94       [0]    LCD_D4_Direction
0x0F94       [1]    TRISC
0x0F95       [1]    TRISD
0x0F96       [1]    TRISE
0x0FC1       [1]    ADCON1
0x0FCD       [1]    T1CON
0x0FCD       [0]    TMR1ON_bit
0x0FCE       [1]    TMR1L
0x0FCF       [1]    TMR1H
0x0FD8       [1]    STATUS
0x0FD9       [1]    FSR2L
0x0FDA       [1]    FSR2H
0x0FDE       [1]    POSTINC2
0x0FE0       [1]    BSR
0x0FE1       [1]    FSR1L
0x0FE2       [1]    FSR1H
0x0FE4       [1]    PREINC1
0x0FE6       [1]    POSTINC1
0x0FE7       [1]    INDF1
0x0FE8       [1]    WREG
0x0FE9       [1]    FSR0L
0x0FEA       [1]    FSR0H
0x0FEE       [1]    POSTINC0
0x0FF2       [0]    PEIE_bit
0x0FF2       [0]    GIE_bit
0x0FF2       [0]    RBIE_bit
0x0FF2       [0]    RBIF_bit
0x0FF3       [1]    PRODL
0x0FF4       [1]    PRODH
0x0FF5       [1]    TABLAT
0x0FF6       [1]    TBLPTRL
0x0FF7       [1]    TBLPTRH
0x0FF8       [1]    TBLPTRU
//** Constants locations ** 
//ADDRESS    SIZE    CONSTANT
//----------------------------------------------
0x0544      [11]    ?ICS?lstr2_ultrasonic_45intr
0x054F       [8]    ?ICS?lstr1_ultrasonic_45intr
0x0557       [6]    ?ICS?lstr3_ultrasonic_45intr
0x055D      [16]    ?ICS?lstr6_ultrasonic_45intr
0x056D      [10]    ?ICS?lstr4_ultrasonic_45intr
0x0577      [16]    ?ICS?lstr5_ultrasonic_45intr
//** Label List: ** 
//----------------------------------------------
  L_config0
  L_config1
  L_config2
  L_config3
  L_config4
  L_get_distsnce5
  L_get_distsnce6
  L_get_distsnce7
  L_get_distsnce8
  L_get_distsnce9
  L_get_distsnce10
  L_get_distsnce11
  L_get_distsnce12
  L_get_distsnce13
  L_get_distsnce14
  L_get_distsnce15
  L_get_distsnce16
  L_main17
  L_main18
  L_interrupt19
  L_interrupt20
  L_interrupt21
  L__get_distsnce22
  L__get_distsnce23
  L_end_config
  _config
  L_end_get_distsnce
  _get_distsnce
  L__get_distsnce26
  L__get_distsnce27
  L__get_distsnce28
  L_end_main
  _main
  L_end_interrupt
  _interrupt
  L__interrupt31
  L_ByteToStr0
  L_ByteToStr1
  L_ByteToStr2
  L_ByteToStr3
  L_ByteToStr4
  L_ByteToStr5
  L_WordToStr6
  L_WordToStr7
  L_WordToStr8
  L_WordToStr9
  L_WordToStr10
  L_WordToStr11
  L_WordToStrWithZeros12
  L_WordToStrWithZeros13
  L_WordToStrWithZeros14
  L_WordToStrWithZeros15
  L_WordToStrWithZeros16
  L_ShortToStr17
  L_ShortToStr18
  L_ShortToStr19
  L_ShortToStr20
  L_ShortToStr21
  L_ShortToStr22
  L_IntToStr23
  L_IntToStr24
  L_IntToStr25
  L_IntToStr26
  L_IntToStr27
  L_IntToStr28
  L_IntToStrWithZeros29
  L_IntToStrWithZeros30
  L_IntToStrWithZeros31
  L_IntToStrWithZeros32
  L_IntToStrWithZeros33
  L_IntToStrWithZeros34
  L_IntToStrWithZeros35
  L_IntToStrWithZeros36
  L_IntToStrWithZeros37
  L_LongWordToStr38
  L_LongWordToStr39
  L_LongWordToStr40
  L_LongWordToStr41
  L_LongWordToStr42
  L_LongWordToStr43
  L_LongWordToStrWithZeros44
  L_LongWordToStrWithZeros45
  L_LongWordToStrWithZeros46
  L_LongWordToStrWithZeros47
  L_LongWordToStrWithZeros48
  L_LongToStr49
  L_LongToStr50
  L_LongToStr51
  L_LongToStr52
  L_LongToStr53
  L_LongToStr54
  L_LongIntToStrWithZeros55
  L_LongIntToStrWithZeros56
  L_LongIntToStrWithZeros57
  L_LongIntToStrWithZeros58
  L_LongIntToStrWithZeros59
  L_LongIntToStrWithZeros60
  L_LongIntToStrWithZeros61
  L_LongIntToStrWithZeros62
  L_LongIntToStrWithZeros63
  L_Dec2Bcd64
  L_Dec2Bcd65
  L_Rtrim66
  L_Rtrim67
  L_Rtrim68
  L_Rtrim69
  L_Ltrim70
  L_Ltrim71
  L_Ltrim72
  L_Ltrim73
  L_Ltrim74
  L_Ltrim75
  L_FloatToStr76
  L_FloatToStr77
  L_FloatToStr78
  L_FloatToStr79
  L_FloatToStr80
  L_FloatToStr81
  L_FloatToStr82
  L_FloatToStr83
  L_FloatToStr84
  L_FloatToStr85
  L_FloatToStr86
  L_FloatToStr87
  L_FloatToStr88
  L_FloatToStr89
  L_FloatToStr90
  L_FloatToStr91
  L_FloatToStr92
  L_FloatToStr93
  L_FloatToStr94
  L_FloatToStr95
  L_FloatToStr96
  L_FloatToStr97
  L__Rtrim98
  L__Ltrim99
  L__FloatToStr100
  L_end_ByteToHex
  _ByteToHex
  L_end_ShortToHex
  _ShortToHex
  L_end_WordToHex
  _WordToHex
  L_end_IntToHex
  _IntToHex
  L_end_LongWordToHex
  _LongWordToHex
  L_end_LongIntToHex
  _LongIntToHex
  L_end_ByteToStr
  _ByteToStr
  L_end_WordToStr
  _WordToStr
  L__WordToStr109
  L_end_WordToStrWithZeros
  _WordToStrWithZeros
  L__WordToStrWithZeros111
  L_end_ShortToStr
  _ShortToStr
  L__ShortToStr113
  L_end_IntToStr
  _IntToStr
  L__IntToStr115
  L__IntToStr116
  L_end_IntToStrWithZeros
  _IntToStrWithZeros
  L__IntToStrWithZeros118
  L__IntToStrWithZeros119
  L__IntToStrWithZeros120
  L_end_LongWordToStr
  _LongWordToStr
  L__LongWordToStr122
  L__LongWordToStr123
  L_end_LongWordToStrWithZeros
  _LongWordToStrWithZeros
  L__LongWordToStrWithZeros125
  L_end_LongToStr
  _LongToStr
  L__LongToStr127
  L__LongToStr128
  L_end_LongIntToStrWithZeros
  _LongIntToStrWithZeros
  L__LongIntToStrWithZeros130
  L__LongIntToStrWithZeros131
  L__LongIntToStrWithZeros132
  L_end_Dec2Bcd
  _Dec2Bcd
  L_end_Bcd2Dec
  _Bcd2Dec
  L_end_Bcd2Dec16
  _Bcd2Dec16
  L__Bcd2Dec16136
  L__Bcd2Dec16137
  L_end_Dec2Bcd16
  _Dec2Bcd16
  L__Dec2Bcd16139
  L__Dec2Bcd16140
  L_end_Rtrim
  _Rtrim
  L__Rtrim142
  L_end_Ltrim
  _Ltrim
  L_end_FloatToStr
  _FloatToStr
  L__FloatToStr145
  L__FloatToStr146
  L__FloatToStr147
  L__FloatToStr148
  L__FloatToStr149
  L_Delay_10us0
  L_Delay_22us1
  L_Delay_50us2
  L_Delay_80us3
  L_Delay_500us4
  L_Delay_5500us5
  L_Delay_1ms6
  L_Delay_5ms7
  L_Delay_8ms8
  L_Delay_100ms9
  L_Delay_10ms10
  L_Delay_1sec11
  L____Boot_Delay4k12
  L____Boot_Delay8k13
  L____Boot_Delay12k14
  L____Boot_Delay16k15
  L____Boot_Delay24k16
  L____Boot_Delay32k17
  L____Boot_Delay48k18
  L____Boot_Delay64k19
  L____Boot_Delay128k20
  L_Delay_Cyc21
  L_Delay_Cyc22
  L_VDelay_ms23
  L_VDelay_ms24
  L_VDelay_ms25
  L_VDelay_Advanced_ms26
  L_VDelay_Advanced_ms27
  L_VDelay_Advanced_ms28
  L_end_Get_Fosc_kHz
  _Get_Fosc_kHz
  L_end_Delay_1us
  _Delay_1us
  L_end_Delay_10us
  _Delay_10us
  L_end_Delay_22us
  _Delay_22us
  L_end_Delay_50us
  _Delay_50us
  L_end_Delay_80us
  _Delay_80us
  L_end_Delay_500us
  _Delay_500us
  L_end_Delay_5500us
  _Delay_5500us
  L_end_Delay_1ms
  _Delay_1ms
  L_end_Delay_5ms
  _Delay_5ms
  L_end_Delay_8ms
  _Delay_8ms
  L_end_Delay_100ms
  _Delay_100ms
  L_end_Delay_10ms
  _Delay_10ms
  L_end_Delay_1sec
  _Delay_1sec
  L_end____Boot_Delay4k
  ____Boot_Delay4k
  L_end____Boot_Delay8k
  ____Boot_Delay8k
  L_end____Boot_Delay12k
  ____Boot_Delay12k
  L_end____Boot_Delay16k
  ____Boot_Delay16k
  L_end____Boot_Delay24k
  ____Boot_Delay24k
  L_end____Boot_Delay32k
  ____Boot_Delay32k
  L_end____Boot_Delay48k
  ____Boot_Delay48k
  L_end____Boot_Delay64k
  ____Boot_Delay64k
  L_end____Boot_Delay128k
  ____Boot_Delay128k
  L_end_Delay_Cyc
  _Delay_Cyc
  L_end_VDelay_ms
  _VDelay_ms
  L__VDelay_ms54
  L__VDelay_ms55
  L__VDelay_ms56
  L_end_VDelay_Advanced_ms
  _VDelay_Advanced_ms
  L__VDelay_Advanced_ms58
  L__VDelay_Advanced_ms59
  L__VDelay_Advanced_ms60
  L_Lcd_Cmd0
  L_Lcd_Cmd1
  L_Lcd_Out_CP2
  L_Lcd_Out_CP3
  L_Lcd_Chr4
  L_Lcd_Chr5
  L_Lcd_Chr6
  L_Lcd_Chr7
  L_Lcd_Chr8
  L_Lcd_Chr9
  L_Lcd_Chr10
  L_Lcd_Out11
  L_Lcd_Out12
  L_Lcd_Out13
  L_Lcd_Out14
  L_Lcd_Out15
  L_Lcd_Out16
  L_Lcd_Out17
  L_Lcd_Out18
  L_Lcd_Out19
  L_end_Lcd_Cmd
  _Lcd_Cmd
  L__Lcd_Cmd21
  L__Lcd_Cmd22
  L__Lcd_Cmd23
  L__Lcd_Cmd24
  L__Lcd_Cmd25
  L__Lcd_Cmd26
  L__Lcd_Cmd27
  L__Lcd_Cmd28
  L__Lcd_Cmd29
  L__Lcd_Cmd30
  L__Lcd_Cmd31
  L__Lcd_Cmd32
  L__Lcd_Cmd33
  L__Lcd_Cmd34
  L__Lcd_Cmd35
  L__Lcd_Cmd36
  L__Lcd_Cmd37
  L__Lcd_Cmd38
  L__Lcd_Cmd39
  L__Lcd_Cmd40
  L_end_Lcd_Chr_CP
  _Lcd_Chr_CP
  L_end_Lcd_Out_CP
  _Lcd_Out_CP
  L_end_Lcd_Chr
  _Lcd_Chr
  L_end_Lcd_Init
  _Lcd_Init
  L_end_Lcd_Out
  _Lcd_Out
  L_Div_16x16_S0
  L_Div_16x16_S1
  LOOPS3232A
  SADD22LA
  SOK22LA
  SADD22L8
  SOK22L8
  LOOPS3232B
  SADD22LB
  SOK22LB
  SADD22L16
  SOK22L16
  LOOPS3232C
  SADD22LC
  SOK22LC
  SADD22L24
  SOK22L24
  LOOPS3232D
  SADD22LD
  SOK22LD
  SOK22L
  L_Div_32x32_S6
  L_Div_32x32_S7
  L_Div_32x32_S8
  L_Div_32x32_S9
  FXD3232S
  END_ALL
  CA3232S
  C3232SX
  C3232SX1
  C3232S
  C3232S2
  C3232SX4
  C3232SOK
  C3232SX3
  C3232SX2
  avoid_comfrem
  LOOPU3232A
  UADD22LA
  UOK22LA
  UADD22L8
  UOK22L8
  LOOPU3232B
  UADD22LB
  UOK22LB
  UADD22L16
  UOK22L16
  LOOPU3232C
  UADD22LC
  UOK22LC
  UADD22L24
  UOK22L24
  LOOPU3232D
  UADD22LD
  UOK22LD
  UOK22L
  _NEXT
  _EXIT2
  _LOOP
  _EXIT1
  _IF_FIRST
  _IF_SECOND
  _INVERCE_FIRST
  _MULT
  _INBERSE_SECOND
  _EXIT
  L_end_Div_8x8_U
  _Div_8x8_U
  L_end_Div_16x16_U
  _Div_16x16_U
  L_end_Div_16x16_S_L
  _Div_16x16_S_L
  L_end_Div_16x16_S
  _Div_16x16_S
  L_end_Div_8x8_S
  _Div_8x8_S
  L_end_Mul_8x8_S
  _Mul_8x8_S
  L_end_Mul_16x16_U
  _Mul_16x16_U
  L_end_Mul_16x16_S
  _Mul_16x16_S
  L_end_SDIV3232L
  _SDIV3232L
  L_end_COMFREM
  _COMFREM
  L_end_Div_32x32_S
  _Div_32x32_S
  L_end_Div_32x32_U
  _Div_32x32_U
  L_end_Mul_32x32_U
  _Mul_32x32_U
  L_end_Mul_32x32_S
  _Mul_32x32_S
  _CC2D_Loop1
  _CC2DL_Loop1
  L_loopCA2AWs
  L_loopCCA2AWs
  L_loopCS2Ss
  L_CS2Send
  L_loopCCS2Ss
  L_CCS2Send
  L_loopFZinSWs
  L_longjmp7
  L_end___CC2D
  ___CC2D
  L_end___CC2DW
  ___CC2DW
  L_end___CA2AW
  ___CA2AW
  L_end___CCA2AW
  ___CCA2AW
  L_end___CS2S
  ___CS2S
  L_end___CCS2S
  ___CCS2S
  L_end___FZinS
  ___FZinS
  L_end_____DoIFC
  _____DoIFC
  L_end_Swap
  _Swap
  L_end_setjmp
  _setjmp
  L_end_longjmp
  _longjmp
  L_config0
  L_config1
  L_config2
  L_config3
  L_config4
  L_get_distsnce5
  L_get_distsnce6
  L_get_distsnce7
  L_get_distsnce8
  L_get_distsnce9
  L_get_distsnce10
  L_get_distsnce11
  L_get_distsnce12
  L_get_distsnce13
  L_get_distsnce14
  L_get_distsnce15
  L_get_distsnce16
  L_main17
  L_main18
  L_interrupt19
  L_interrupt20
  L_interrupt21
  L__get_distsnce22
  L__get_distsnce23
  L_end_config
  _config
  L_end_get_distsnce
  _get_distsnce
  L__get_distsnce26
  L__get_distsnce27
  L__get_distsnce28
  L_end_main
  _main
  L_end_interrupt
  _interrupt
  L__interrupt31
